TN:
SF:src\modules\appointments\services\CreateAppointmentService.ts
FN:13,(anonymous_18)
FN:15,CreateAppointmentService
FN:20,(anonymous_20)
FNF:3
FNH:3
FNDA:1,(anonymous_18)
FNDA:5,CreateAppointmentService
FNDA:6,(anonymous_20)
DA:1,1
DA:2,1
DA:4,1
DA:13,1
DA:17,5
DA:20,6
DA:22,6
DA:24,6
DA:25,3
DA:28,3
DA:29,0
DA:32,3
DA:33,2
DA:36,1
DA:39,1
DA:40,0
DA:43,1
DA:50,1
DA:52,1
LF:19
LH:17
BRDA:24,0,0,3
BRDA:24,0,1,3
BRDA:28,1,0,0
BRDA:28,1,1,3
BRDA:32,2,0,2
BRDA:32,2,1,1
BRDA:32,3,0,3
BRDA:32,3,1,2
BRDA:39,4,0,0
BRDA:39,4,1,1
BRF:10
BRH:8
end_of_record
TN:
SF:src\modules\appointments\services\ListProviderDayAvalability.ts
FN:17,(anonymous_17)
FN:18,ListProviderDayAvalabilityService
FN:23,(anonymous_19)
FN:36,(anonymous_22)
FN:41,(anonymous_23)
FN:43,(anonymous_24)
FNF:6
FNH:5
FNDA:1,(anonymous_17)
FNDA:1,ListProviderDayAvalabilityService
FNDA:1,(anonymous_19)
FNDA:10,(anonymous_22)
FNDA:10,(anonymous_23)
FNDA:0,(anonymous_24)
DA:2,1
DA:4,1
DA:17,1
DA:20,1
DA:23,1
DA:24,1
DA:32,1
DA:34,1
DA:36,10
DA:39,1
DA:41,1
DA:42,10
DA:44,0
DA:47,10
DA:49,10
DA:55,1
DA:57,1
DA:59,1
LF:18
LH:17
BRDA:24,0,0,1
BRDA:51,1,0,10
BRDA:51,1,1,10
BRF:3
BRH:3
end_of_record
TN:
SF:src\modules\appointments\services\ListProviderMonthAvalabilityService.ts
FN:16,(anonymous_17)
FN:17,ListProviderMonthAvalabilityService
FN:22,(anonymous_19)
FN:34,(anonymous_22)
FN:37,(anonymous_23)
FN:38,(anonymous_24)
FNF:6
FNH:5
FNDA:1,(anonymous_17)
FNDA:1,ListProviderMonthAvalabilityService
FNDA:1,(anonymous_19)
FNDA:30,(anonymous_22)
FNDA:30,(anonymous_23)
FNDA:0,(anonymous_24)
DA:2,1
DA:4,1
DA:16,1
DA:19,1
DA:22,1
DA:23,1
DA:30,1
DA:32,1
DA:34,30
DA:37,1
DA:38,30
DA:39,0
DA:41,30
DA:47,1
DA:49,1
DA:51,1
LF:16
LH:15
BRDA:23,0,0,1
BRF:1
BRH:1
end_of_record
TN:
SF:src\modules\appointments\services\ListProviderService.ts
FN:10,(anonymous_17)
FN:11,ListProvidersService
FN:16,(anonymous_19)
FNF:3
FNH:3
FNDA:1,(anonymous_17)
FNDA:1,ListProvidersService
FNDA:1,(anonymous_19)
DA:2,1
DA:10,1
DA:13,1
DA:16,1
DA:17,1
DA:21,1
DA:23,1
DA:25,1
LF:8
LH:8
BRDA:17,0,0,1
BRF:1
BRH:1
end_of_record
TN:
SF:src\modules\users\services\CreateSessionService.ts
FN:20,(anonymous_18)
FN:21,CreateSessionService
FN:28,(anonymous_20)
FNF:3
FNH:3
FNDA:1,(anonymous_18)
FNDA:5,CreateSessionService
FNDA:3,(anonymous_20)
DA:4,1
DA:6,1
DA:7,1
DA:8,1
DA:20,1
DA:23,5
DA:26,5
DA:28,3
DA:30,3
DA:32,3
DA:33,1
DA:36,2
DA:38,2
DA:39,1
DA:44,1
DA:45,1
DA:50,1
DA:55,1
LF:18
LH:18
BRDA:30,0,0,3
BRDA:32,1,0,1
BRDA:32,1,1,2
BRDA:38,2,0,1
BRDA:38,2,1,1
BRF:5
BRH:5
end_of_record
TN:
SF:src\modules\users\services\CreateUserService.ts
FN:16,(anonymous_18)
FN:17,CreateUserService
FN:27,(anonymous_20)
FNF:3
FNH:3
FNDA:2,(anonymous_18)
FNDA:5,CreateUserService
FNDA:5,(anonymous_20)
DA:1,2
DA:3,2
DA:16,2
DA:19,5
DA:22,5
DA:27,5
DA:28,5
DA:30,5
DA:31,1
DA:34,4
DA:36,4
DA:43,4
DA:45,2
DA:47,2
LF:14
LH:14
BRDA:28,0,0,5
BRDA:30,1,0,1
BRDA:30,1,1,4
BRF:3
BRH:3
end_of_record
TN:
SF:src\modules\users\services\ResetPssawordService.ts
FN:14,(anonymous_18)
FN:15,ResetPasswordService
FN:27,(anonymous_20)
FNF:3
FNH:3
FNDA:1,(anonymous_18)
FNDA:4,ResetPasswordService
FNDA:4,(anonymous_20)
DA:1,1
DA:5,1
DA:6,1
DA:14,1
DA:17,4
DA:20,4
DA:23,4
DA:27,4
DA:28,4
DA:30,4
DA:31,1
DA:33,3
DA:35,3
DA:36,1
DA:38,2
DA:39,2
DA:40,2
DA:41,1
DA:43,1
DA:45,2
DA:48,1
LF:21
LH:21
BRDA:28,0,0,4
BRDA:30,1,0,1
BRDA:30,1,1,3
BRDA:35,2,0,1
BRDA:35,2,1,2
BRDA:40,3,0,1
BRDA:40,3,1,1
BRF:7
BRH:7
end_of_record
TN:
SF:src\modules\users\services\SendForgotPasswordEmailService.ts
FN:12,(anonymous_18)
FN:13,SendForgotPasswordEmailService
FN:25,(anonymous_20)
FNF:3
FNH:3
FNDA:1,(anonymous_18)
FNDA:3,SendForgotPasswordEmailService
FNDA:3,(anonymous_20)
DA:3,1
DA:5,1
DA:6,1
DA:12,1
DA:15,3
DA:18,3
DA:21,3
DA:25,3
DA:26,3
DA:28,3
DA:29,1
DA:32,2
DA:33,2
DA:39,4
DA:55,1
LF:15
LH:15
BRDA:26,0,0,3
BRDA:28,1,0,1
BRDA:28,1,1,2
BRF:3
BRH:3
end_of_record
TN:
SF:src\modules\users\services\ShowProfileService.ts
FN:11,(anonymous_18)
FN:12,ShowProfileService
FN:17,(anonymous_20)
FNF:3
FNH:3
FNDA:1,(anonymous_18)
FNDA:1,ShowProfileService
FNDA:1,(anonymous_20)
DA:2,1
DA:3,1
DA:11,1
DA:14,1
DA:17,1
DA:18,1
DA:19,1
DA:20,0
DA:23,1
DA:25,1
DA:27,1
LF:11
LH:10
BRDA:18,0,0,1
BRDA:19,1,0,0
BRDA:19,1,1,1
BRF:3
BRH:2
end_of_record
TN:
SF:src\modules\users\services\UpdateProfileSevice.ts
FN:16,(anonymous_18)
FN:17,UpdateProfileService
FN:25,(anonymous_20)
FNF:3
FNH:3
FNDA:1,(anonymous_18)
FNDA:5,UpdateProfileService
FNDA:5,(anonymous_20)
DA:2,1
DA:3,1
DA:16,1
DA:19,5
DA:22,5
DA:25,1
DA:26,5
DA:27,5
DA:28,5
DA:29,5
DA:30,5
DA:32,5
DA:33,5
DA:34,0
DA:37,5
DA:39,5
DA:40,0
DA:43,5
DA:44,5
DA:46,5
DA:47,2
DA:52,4
DA:53,2
DA:58,2
DA:59,1
DA:62,1
DA:65,4
DA:67,2
DA:69,1
DA:71,1
LF:30
LH:28
BRDA:32,0,0,5
BRDA:32,0,1,2
BRDA:33,1,0,0
BRDA:33,1,1,5
BRDA:39,2,0,0
BRDA:39,2,1,5
BRDA:39,3,0,5
BRDA:39,3,1,0
BRDA:46,4,0,2
BRDA:46,4,1,3
BRDA:46,5,0,5
BRDA:46,5,1,4
BRDA:52,6,0,1
BRDA:52,6,1,2
BRDA:52,7,0,3
BRDA:52,7,1,2
BRDA:58,8,0,1
BRDA:58,8,1,1
BRF:18
BRH:15
end_of_record
TN:
SF:src\modules\users\services\UploadAvatarService.ts
FN:15,(anonymous_18)
FN:16,UploadAvatarService
FN:23,(anonymous_20)
FNF:3
FNH:3
FNDA:1,(anonymous_18)
FNDA:3,UploadAvatarService
FNDA:4,(anonymous_20)
DA:3,1
DA:5,1
DA:14,1
DA:15,1
DA:18,3
DA:21,3
DA:23,4
DA:25,4
DA:27,4
DA:28,1
DA:31,5
DA:32,2
DA:35,3
DA:36,3
DA:38,6
DA:40,3
DA:42,1
LF:17
LH:17
BRDA:25,0,0,4
BRDA:25,0,1,3
BRDA:27,1,0,1
BRDA:27,1,1,3
BRDA:31,2,0,2
BRDA:31,2,1,1
BRF:6
BRH:6
end_of_record
